nohup: ignoring input
[38;5;212m>>[39m[38;5;212m>[39m[38;5;15mmodel[39m[38;5;15m [39m[38;5;15mweight[39m[38;5;15m [39m[38;5;15moutput[39m[38;5;15m [39m[38;5;117;03mdir[39;00m[38;5;15m:[39m[38;5;15m [39m[38;5;141m"[39m[38;5;141m/home/clara_r76121188/thesis/STIRec/ckpt[39m[38;5;141m"[39m[38;5;15m [39m[38;5;15mexisted[39m
[38;5;212m>>[39m[38;5;212m>[39m[38;5;15m [39m[38;5;15mCuda[39m[38;5;15m [39m[38;5;15mAvailable[39m[38;5;15m:[39m[38;5;15m [39m[38;5;212mTrue[39m
[38;5;212m==[39m[38;5;212m>>[39m[38;5;15m [39m[38;5;15margs[39m[38;5;212m.[39m[38;5;15mseqs_path[39m[38;5;15m          [39m[38;5;15m:[39m[38;5;15m [39m[38;5;141m"[39m[38;5;141m../data/Grocery_and_Gourmet_Food.txt[39m[38;5;141m"[39m
[38;5;212m==[39m[38;5;212m>>[39m[38;5;15m [39m[38;5;15margs[39m[38;5;212m.[39m[38;5;15msubseqs_path[39m[38;5;15m       [39m[38;5;15m:[39m[38;5;15m [39m[38;5;141m"[39m[38;5;141m../data/Grocery_and_Gourmet_Food_subseq_50.txt[39m[38;5;141m"[39m
[38;5;212m==[39m[38;5;212m>>[39m[38;5;15m [39m[38;5;15margs[39m[38;5;212m.[39m[38;5;15mtarget_subseqs_path[39m[38;5;15m:[39m[38;5;15m [39m[38;5;141m"[39m[38;5;141m../data/Grocery_and_Gourmet_Food_t_50.pkl[39m[38;5;141m"[39m
[38;5;212m==[39m[38;5;212m>>[39m[38;5;15m [39m[38;5;15margs[39m[38;5;212m.[39m[38;5;15msubseqs_target_path[39m[38;5;15m:[39m[38;5;15m [39m[38;5;141m"[39m[38;5;141m../data/Grocery_and_Gourmet_Food_1_s.pkl[39m[38;5;141m"[39m
[38;5;212m==[39m[38;5;212m>>[39m[38;5;15m [39m[38;5;15margs[39m[38;5;212m.[39m[38;5;15mgraph_path[39m[38;5;15m         [39m[38;5;15m:[39m[38;5;15m [39m[38;5;141m"[39m[38;5;141m../data/Grocery_and_Gourmet_Food_graph_50.pkl[39m[38;5;141m"[39m
[38;5;212m>>[39m[38;5;212m>[39m[38;5;15m [39m[38;5;15mMax[39m[38;5;15m [39m[38;5;15mitem[39m[38;5;15m:[39m[38;5;15m [39m[38;5;215m68205[39m[38;5;15m,[39m[38;5;15m [39m[38;5;15mNum[39m[38;5;15m [39m[38;5;15musers[39m[38;5;15m:[39m[38;5;15m [39m[38;5;215m56541[39m
[38;5;212m-[39m[38;5;212m-[39m[38;5;212m-[39m[38;5;212m-[39m[38;5;212m-[39m[38;5;212m-[39m[38;5;212m-[39m[38;5;212m-[39m[38;5;212m-[39m[38;5;212m-[39m[38;5;212m-[39m[38;5;212m-[39m[38;5;212m-[39m[38;5;212m-[39m[38;5;212m-[39m[38;5;212m-[39m[38;5;212m-[39m[38;5;212m-[39m[38;5;212m-[39m[38;5;212m-[39m[38;5;15m [39m[38;5;15mConfigure[39m[38;5;15m [39m[38;5;15mInfo[39m[38;5;15m:[39m[38;5;15m [39m[38;5;212m-[39m[38;5;212m-[39m[38;5;212m-[39m[38;5;212m-[39m[38;5;212m-[39m[38;5;212m-[39m[38;5;212m-[39m[38;5;212m-[39m[38;5;212m-[39m[38;5;212m-[39m[38;5;212m-[39m[38;5;212m-[39m[38;5;212m-[39m[38;5;212m-[39m[38;5;212m-[39m[38;5;212m-[39m[38;5;212m-[39m[38;5;212m-[39m[38;5;212m-[39m[38;5;212m-[39m[38;5;15m [39m
---------------------------------------------------------- 
[32m2026-02-17 11:48:51: 0217-114851-Grocery_and_Gourmet_Food-G&G_Food_first_train[0m
[32m2026-02-17 11:48:51: main.py --data_name=Grocery_and_Gourmet_Food --max_seq_length=50 --hidden_size=128 --batch_size=256 --num_attention_heads=8 --msg=G&G_Food_first_train --scheduler warmup+multistep --milestones [25, 50] --loader_type new --gcn_mode batch --do_eval --do_test[0m
[32m2026-02-17 11:48:51: alpha                          :                                 0.9
attention_probs_dropout_prob   :                                 0.1
avg_window_size                :                                   2
batch_loss                     :                                   0
batch_size                     :                                 256
checkpoint_path                : ../ckpt/0217-114851-Grocery_and_Gourmet_Food-G&G_Food_first_train.pt
compile                        :                                   0
cuda_condition                 :                                   1
data_dir                       :                            ../data/
data_name                      :            Grocery_and_Gourmet_Food
do_eval                        :                                   1
do_test                        :                                   1
dropout_rate                   :                                   0
encoder                        :                                 SAS
epochs                         :                                  50
f_neg                          :                                   0
gamma                          :                                 0.1
gcn_mode                       :                               batch
gnn_layer                      :                                   4
gpu_id                         :                                   0
graph_path                     : ../data/Grocery_and_Gourmet_Food_graph_50.pkl
graph_split                    :                                   0
hidden_act                     :                                gelu
hidden_dropout_prob            :                                 0.5
hidden_size                    :                                 128
initializer_range              :                                0.02
item_size                      :                               68207
latest_path                    :    output/PTSR-SAS-Beauty-latest.pt
loader_type                    :                                 new
log_dir                        :                                logs
log_freq                       :                                   1
log_root                       :                                   .
log_tb_seperate                :                                   0
lr_adam                        :                               0.001
mask_id                        :                               68206
max_seq_length                 :                                  50
milestones                     :                            [25, 50]
min_test_epoch                 :                                   0
model_name                     :                                PTSR
msg                            :                G&G_Food_first_train
no_cuda                        :                                   0
noise_ratio                    :                                 0.0
num_attention_heads            :                                   8
num_hidden_layers              :                                   2
output_dir                     :                             ../ckpt
precision                      :                             highest
save_name                      : 0217-114851-Grocery_and_Gourmet_Food-G&G_Food_first_train
scheduler                      :                    warmup+multistep
seed                           :                                2022
seqs_path                      : ../data/Grocery_and_Gourmet_Food.txt
sim                            :                                 dot
subseq_len                     :                                  50
subseqs_path                   : ../data/Grocery_and_Gourmet_Food_subseq_50.txt
subseqs_target_path            : ../data/Grocery_and_Gourmet_Food_1_s.pkl
target_subseqs_path            : ../data/Grocery_and_Gourmet_Food_t_50.pkl
tb_dir                         :                                runs
warm_up_epochs                 :                                   5
weight_decay                   :                                 0.0
[0m
/home/clara_r76121188/thesis/STIRec/.venv/lib64/python3.9/site-packages/networkx/utils/backends.py:135: RuntimeWarning: networkx backend defined more than once: nx-loopback
  backends.update(_get_backends("networkx.backends"))
[38;5;212m==[39m[38;5;212m>>[39m[38;5;15m [39m[38;5;15mnum_subseqs[39m[38;5;15m         [39m[38;5;15m:[39m[38;5;15m [39m[38;5;215m272380[39m
[38;5;212m==[39m[38;5;212m>>[39m[38;5;15m [39m[38;5;15mnum_hashmap[39m[38;5;15m         [39m[38;5;15m:[39m[38;5;15m [39m[38;5;215m221261[39m
[38;5;212m==[39m[38;5;212m>>[39m[38;5;15m [39m[38;5;15mduplicate[39m[38;5;15m [39m[38;5;15msubseq[39m[38;5;15m [39m[38;5;15mnum[39m[38;5;15m:[39m[38;5;15m  [39m[38;5;215m51119[39m
[38;5;212m==[39m[38;5;212m>>[39m[38;5;15m [39m[38;5;15msubseq[39m[38;5;15m [39m[38;5;15mto[39m[38;5;15m [39m[38;5;117;03mid[39;00m[38;5;15m [39m[38;5;15mhashmap[39m[38;5;15m [39m[38;5;15mexapmle[39m[38;5;15m:[39m[38;5;15m [39m[38;5;15m[[39m[38;5;15m([39m[38;5;15m([39m[38;5;215m61566[39m[38;5;15m,[39m[38;5;15m)[39m[38;5;15m,[39m[38;5;15m [39m[38;5;215m0[39m[38;5;15m)[39m[38;5;15m,[39m[38;5;15m [39m[38;5;15m([39m[38;5;15m([39m[38;5;215m61566[39m[38;5;15m,[39m[38;5;15m [39m[38;5;215m16362[39m[38;5;15m)[39m[38;5;15m,[39m[38;5;15m [39m[38;5;215m1[39m[38;5;15m)[39m[38;5;15m,[39m[38;5;15m [39m[38;5;15m([39m[38;5;15m([39m[38;5;215m61566[39m[38;5;15m,[39m[38;5;15m [39m[38;5;215m16362[39m[38;5;15m,[39m[38;5;15m [39m[38;5;215m14860[39m[38;5;15m)[39m[38;5;15m,[39m[38;5;15m [39m[38;5;215m2[39m[38;5;15m)[39m[38;5;15m,[39m[38;5;15m [39m[38;5;15m([39m[38;5;15m([39m[38;5;215m211[39m[38;5;15m,[39m[38;5;15m)[39m[38;5;15m,[39m[38;5;15m [39m[38;5;215m3[39m[38;5;15m)[39m[38;5;15m,[39m[38;5;15m [39m[38;5;15m([39m[38;5;15m([39m[38;5;215m211[39m[38;5;15m,[39m[38;5;15m [39m[38;5;215m54674[39m[38;5;15m)[39m[38;5;15m,[39m[38;5;15m [39m[38;5;215m4[39m[38;5;15m)[39m[38;5;15m,[39m[38;5;15m [39m[38;5;15m([39m[38;5;15m([39m[38;5;215m211[39m[38;5;15m,[39m[38;5;15m [39m[38;5;215m54674[39m[38;5;15m,[39m[38;5;15m [39m[38;5;215m19059[39m[38;5;15m)[39m[38;5;15m,[39m[38;5;15m [39m[38;5;215m5[39m[38;5;15m)[39m[38;5;15m,[39m[38;5;15m [39m[38;5;15m([39m[38;5;15m([39m[38;5;215m211[39m[38;5;15m,[39m[38;5;15m [39m[38;5;215m54674[39m[38;5;15m,[39m[38;5;15m [39m[38;5;215m19059[39m[38;5;15m,[39m[38;5;15m [39m[38;5;215m31047[39m[38;5;15m)[39m[38;5;15m,[39m[38;5;15m [39m[38;5;215m6[39m[38;5;15m)[39m[38;5;15m,[39m[38;5;15m [39m[38;5;15m([39m[38;5;15m([39m[38;5;215m62485[39m[38;5;15m,[39m[38;5;15m)[39m[38;5;15m,[39m[38;5;15m [39m[38;5;215m7[39m[38;5;15m)[39m[38;5;15m,[39m[38;5;15m [39m[38;5;15m([39m[38;5;15m([39m[38;5;215m62485[39m[38;5;15m,[39m[38;5;15m [39m[38;5;215m42800[39m[38;5;15m)[39m[38;5;15m,[39m[38;5;15m [39m[38;5;215m8[39m[38;5;15m)[39m[38;5;15m,[39m[38;5;15m [39m[38;5;15m([39m[38;5;15m([39m[38;5;215m29640[39m[38;5;15m,[39m[38;5;15m)[39m[38;5;15m,[39m[38;5;15m [39m[38;5;215m9[39m[38;5;15m)[39m[38;5;15m][39m
[38;5;212m==[39m[38;5;212m>>[39m[38;5;15m [39m[38;5;117;03mid[39;00m[38;5;15m [39m[38;5;15mto[39m[38;5;15m [39m[38;5;15msubseq[39m[38;5;15m [39m[38;5;15mhashmap[39m[38;5;15m [39m[38;5;15mexapmle[39m[38;5;15m:[39m[38;5;15m [39m[38;5;15m[[39m[38;5;15m([39m[38;5;215m0[39m[38;5;15m,[39m[38;5;15m [39m[38;5;15m([39m[38;5;215m61566[39m[38;5;15m,[39m[38;5;15m)[39m[38;5;15m)[39m[38;5;15m,[39m[38;5;15m [39m[38;5;15m([39m[38;5;215m1[39m[38;5;15m,[39m[38;5;15m [39m[38;5;15m([39m[38;5;215m61566[39m[38;5;15m,[39m[38;5;15m [39m[38;5;215m16362[39m[38;5;15m)[39m[38;5;15m)[39m[38;5;15m,[39m[38;5;15m [39m[38;5;15m([39m[38;5;215m2[39m[38;5;15m,[39m[38;5;15m [39m[38;5;15m([39m[38;5;215m61566[39m[38;5;15m,[39m[38;5;15m [39m[38;5;215m16362[39m[38;5;15m,[39m[38;5;15m [39m[38;5;215m14860[39m[38;5;15m)[39m[38;5;15m)[39m[38;5;15m,[39m[38;5;15m [39m[38;5;15m([39m[38;5;215m3[39m[38;5;15m,[39m[38;5;15m [39m[38;5;15m([39m[38;5;215m211[39m[38;5;15m,[39m[38;5;15m)[39m[38;5;15m)[39m[38;5;15m,[39m[38;5;15m [39m[38;5;15m([39m[38;5;215m4[39m[38;5;15m,[39m[38;5;15m [39m[38;5;15m([39m[38;5;215m211[39m[38;5;15m,[39m[38;5;15m [39m[38;5;215m54674[39m[38;5;15m)[39m[38;5;15m)[39m[38;5;15m,[39m[38;5;15m [39m[38;5;15m([39m[38;5;215m5[39m[38;5;15m,[39m[38;5;15m [39m[38;5;15m([39m[38;5;215m211[39m[38;5;15m,[39m[38;5;15m [39m[38;5;215m54674[39m[38;5;15m,[39m[38;5;15m [39m[38;5;215m19059[39m[38;5;15m)[39m[38;5;15m)[39m[38;5;15m,[39m[38;5;15m [39m[38;5;15m([39m[38;5;215m6[39m[38;5;15m,[39m[38;5;15m [39m[38;5;15m([39m[38;5;215m211[39m[38;5;15m,[39m[38;5;15m [39m[38;5;215m54674[39m[38;5;15m,[39m[38;5;15m [39m[38;5;215m19059[39m[38;5;15m,[39m[38;5;15m [39m[38;5;215m31047[39m[38;5;15m)[39m[38;5;15m)[39m[38;5;15m,[39m[38;5;15m [39m[38;5;15m([39m[38;5;215m7[39m[38;5;15m,[39m[38;5;15m [39m[38;5;15m([39m[38;5;215m62485[39m[38;5;15m,[39m[38;5;15m)[39m[38;5;15m)[39m[38;5;15m,[39m[38;5;15m [39m[38;5;15m([39m[38;5;215m8[39m[38;5;15m,[39m[38;5;15m [39m[38;5;15m([39m[38;5;215m62485[39m[38;5;15m,[39m[38;5;15m [39m[38;5;215m42800[39m[38;5;15m)[39m[38;5;15m)[39m[38;5;15m,[39m[38;5;15m [39m[38;5;15m([39m[38;5;215m9[39m[38;5;15m,[39m[38;5;15m [39m[38;5;15m([39m[38;5;215m29640[39m[38;5;15m,[39m[38;5;15m)[39m[38;5;15m)[39m[38;5;15m][39m
[38;5;212m>>[39m[38;5;212m>[39m[38;5;15m [39m[38;5;15mBuilding[39m[38;5;15m [39m[38;5;15mtrain[39m[38;5;15m [39m[38;5;15mDataloader[39m
[38;5;212m>>[39m[38;5;212m>[39m[38;5;15m [39m[38;5;15mBuilding[39m[38;5;15m [39m[38;5;15mgraph[39m[38;5;15m [39m[38;5;15mDataloader[39m
[38;5;212m>>[39m[38;5;212m>[39m[38;5;15m [39m[38;5;15mBuilding[39m[38;5;15m [39m[38;5;15mvalid[39m[38;5;15m [39m[38;5;15mDataloader[39m
[38;5;212m>>[39m[38;5;212m>[39m[38;5;15m [39m[38;5;15mBuilding[39m[38;5;15m [39m[38;5;15mtest[39m[38;5;15m [39m[38;5;15mDataloader[39m
[38;5;212m>>[39m[38;5;212m>[39m[38;5;15m [39m[38;5;15mInitialize[39m[38;5;15m [39m[38;5;15mTrainer[39m

[38;5;212m>>[39m[38;5;212m>[39m[38;5;15m [39m[38;5;15mTrain[39m[38;5;15m [39m[38;5;15mPTSR[39m[38;5;15m [39m[38;5;15mStart[39m

[32m2026-02-17 11:51:53: Epoch: [000] | lr_adam: 0.0002 | rec_avg_loss: 10.834 | Message: 0217-114851-Grocery_and_Gourmet_Food-G&G_Food_first_train[0m

[33m2026-02-17 11:52:16: Epoch: [000] | HIT@5: 0.0862 | HIT@10: 0.0889 | HIT@20: 0.0898 | NDCG@5: 0.0754 | NDCG@10: 0.0763 | NDCG@20: 0.0765[0m
[31m2026-02-17 11:52:16: Epoch: [000] | HIT@5: 0.0862 | HIT@10: 0.0889 | HIT@20: 0.0898 | NDCG@5: 0.0754 | NDCG@10: 0.0763 | NDCG@20: 0.0765[0m

[33m2026-02-17 11:52:39: Epoch: [000] | HIT@5: 0.0536 | HIT@10: 0.0588 | HIT@20: 0.0609 | NDCG@5: 0.0418 | NDCG@10: 0.0435 | NDCG@20: 0.0440[0m
[1;31m2026-02-17 11:52:39: Epoch: [000] | HIT@5: 0.0536 | HIT@10: 0.0588 | HIT@20: 0.0609 | NDCG@5: 0.0418 | NDCG@10: 0.0435 | NDCG@20: 0.0440[0m
[1;31m2026-02-17 11:52:39: v.s. BEST    | HIT@5: 5357174439687.06% | HIT@10: 5877151093796.46% | HIT@20: 6089386462820.71% | NDCG@5: 4184155071005.42% | NDCG@10: 4353340614652.98% | NDCG@20: 4404812336666.46%
[0m

[32m2026-02-17 11:55:35: Epoch: [001] | lr_adam: 0.0004 | rec_avg_loss: 8.6632 | Message: 0217-114851-Grocery_and_Gourmet_Food-G&G_Food_first_train[0m

[33m2026-02-17 11:56:10: Epoch: [001] | HIT@5: 0.1174 | HIT@10: 0.1303 | HIT@20: 0.1498 | NDCG@5: 0.1013 | NDCG@10: 0.1055 | NDCG@20: 0.1104[0m
[31m2026-02-17 11:56:10: Epoch: [001] | HIT@5: 0.1174 | HIT@10: 0.1303 | HIT@20: 0.1498 | NDCG@5: 0.1013 | NDCG@10: 0.1055 | NDCG@20: 0.1104[0m

[33m2026-02-17 11:56:45: Epoch: [001] | HIT@5: 0.0813 | HIT@10: 0.0917 | HIT@20: 0.1060 | NDCG@5: 0.0687 | NDCG@10: 0.0720 | NDCG@20: 0.0756[0m
[1;31m2026-02-17 11:56:45: Epoch: [001] | HIT@5: 0.0813 | HIT@10: 0.0917 | HIT@20: 0.1060 | NDCG@5: 0.0687 | NDCG@10: 0.0720 | NDCG@20: 0.0756[0m
[1;31m2026-02-17 11:56:45: v.s. BEST    | HIT@5: 51.83% | HIT@10: 56.00% | HIT@20: 74.09% | NDCG@5: 64.12% | NDCG@10: 65.37% | NDCG@20: 71.59%
[0m

[32m2026-02-17 11:59:42: Epoch: [002] | lr_adam: 0.0006 | rec_avg_loss: 8.1724 | Message: 0217-114851-Grocery_and_Gourmet_Food-G&G_Food_first_train[0m

[33m2026-02-17 12:00:17: Epoch: [002] | HIT@5: 0.1312 | HIT@10: 0.1479 | HIT@20: 0.1701 | NDCG@5: 0.1114 | NDCG@10: 0.1168 | NDCG@20: 0.1224[0m
[31m2026-02-17 12:00:17: Epoch: [002] | HIT@5: 0.1312 | HIT@10: 0.1479 | HIT@20: 0.1701 | NDCG@5: 0.1114 | NDCG@10: 0.1168 | NDCG@20: 0.1224[0m

[33m2026-02-17 12:00:53: Epoch: [002] | HIT@5: 0.0936 | HIT@10: 0.1086 | HIT@20: 0.1269 | NDCG@5: 0.0790 | NDCG@10: 0.0838 | NDCG@20: 0.0884[0m
[1;31m2026-02-17 12:00:53: Epoch: [002] | HIT@5: 0.0936 | HIT@10: 0.1086 | HIT@20: 0.1269 | NDCG@5: 0.0790 | NDCG@10: 0.0838 | NDCG@20: 0.0884[0m
[1;31m2026-02-17 12:00:53: v.s. BEST    | HIT@5: 15.05% | HIT@10: 18.42% | HIT@20: 19.69% | NDCG@5: 15.02% | NDCG@10: 16.43% | NDCG@20: 17.00%
[0m

[32m2026-02-17 12:03:51: Epoch: [003] | lr_adam: 0.0008 | rec_avg_loss: 7.9356 | Message: 0217-114851-Grocery_and_Gourmet_Food-G&G_Food_first_train[0m

[33m2026-02-17 12:04:27: Epoch: [003] | HIT@5: 0.1352 | HIT@10: 0.1522 | HIT@20: 0.1759 | NDCG@5: 0.1131 | NDCG@10: 0.1186 | NDCG@20: 0.1245[0m
[31m2026-02-17 12:04:27: Epoch: [003] | HIT@5: 0.1352 | HIT@10: 0.1522 | HIT@20: 0.1759 | NDCG@5: 0.1131 | NDCG@10: 0.1186 | NDCG@20: 0.1245[0m

[33m2026-02-17 12:05:05: Epoch: [003] | HIT@5: 0.0994 | HIT@10: 0.1128 | HIT@20: 0.1310 | NDCG@5: 0.0834 | NDCG@10: 0.0877 | NDCG@20: 0.0923[0m
[1;31m2026-02-17 12:05:05: Epoch: [003] | HIT@5: 0.0994 | HIT@10: 0.1128 | HIT@20: 0.1310 | NDCG@5: 0.0834 | NDCG@10: 0.0877 | NDCG@20: 0.0923[0m
[1;31m2026-02-17 12:05:05: v.s. BEST    | HIT@5: 6.24% | HIT@10: 3.89% | HIT@20: 3.22% | NDCG@5: 5.63% | NDCG@10: 4.66% | NDCG@20: 4.38%
[0m

[32m2026-02-17 12:08:03: Epoch: [004] | lr_adam: 0.001 | rec_avg_loss: 7.7546 | Message: 0217-114851-Grocery_and_Gourmet_Food-G&G_Food_first_train[0m

[33m2026-02-17 12:08:40: Epoch: [004] | HIT@5: 0.1380 | HIT@10: 0.1570 | HIT@20: 0.1806 | NDCG@5: 0.1183 | NDCG@10: 0.1244 | NDCG@20: 0.1303[0m
[31m2026-02-17 12:08:40: Epoch: [004] | HIT@5: 0.1380 | HIT@10: 0.1570 | HIT@20: 0.1806 | NDCG@5: 0.1183 | NDCG@10: 0.1244 | NDCG@20: 0.1303[0m

[33m2026-02-17 12:09:20: Epoch: [004] | HIT@5: 0.1002 | HIT@10: 0.1146 | HIT@20: 0.1348 | NDCG@5: 0.0843 | NDCG@10: 0.0890 | NDCG@20: 0.0940[0m
[1;31m2026-02-17 12:09:20: Epoch: [004] | HIT@5: 0.1002 | HIT@10: 0.1146 | HIT@20: 0.1348 | NDCG@5: 0.0843 | NDCG@10: 0.0890 | NDCG@20: 0.0940[0m
[1;31m2026-02-17 12:09:20: v.s. BEST    | HIT@5: 0.75% | HIT@10: 1.57% | HIT@20: 2.90% | NDCG@5: 1.07% | NDCG@10: 1.40% | NDCG@20: 1.87%
[0m

[32m2026-02-17 12:12:20: Epoch: [005] | lr_adam: 0.001 | rec_avg_loss: 7.5988 | Message: 0217-114851-Grocery_and_Gourmet_Food-G&G_Food_first_train[0m

[33m2026-02-17 12:12:57: Epoch: [005] | HIT@5: 0.1392 | HIT@10: 0.1571 | HIT@20: 0.1819 | NDCG@5: 0.1193 | NDCG@10: 0.1251 | NDCG@20: 0.1313[0m
[31m2026-02-17 12:12:57: Epoch: [005] | HIT@5: 0.1392 | HIT@10: 0.1571 | HIT@20: 0.1819 | NDCG@5: 0.1193 | NDCG@10: 0.1251 | NDCG@20: 0.1313[0m

[33m2026-02-17 12:13:36: Epoch: [005] | HIT@5: 0.1011 | HIT@10: 0.1156 | HIT@20: 0.1353 | NDCG@5: 0.0853 | NDCG@10: 0.0900 | NDCG@20: 0.0950[0m
[1;31m2026-02-17 12:13:36: Epoch: [005] | HIT@5: 0.1011 | HIT@10: 0.1156 | HIT@20: 0.1353 | NDCG@5: 0.0853 | NDCG@10: 0.0900 | NDCG@20: 0.0950[0m
[1;31m2026-02-17 12:13:36: v.s. BEST    | HIT@5: 0.97% | HIT@10: 0.91% | HIT@20: 0.37% | NDCG@5: 1.20% | NDCG@10: 1.19% | NDCG@20: 0.99%
[0m

[32m2026-02-17 12:16:35: Epoch: [006] | lr_adam: 0.001 | rec_avg_loss: 7.3765 | Message: 0217-114851-Grocery_and_Gourmet_Food-G&G_Food_first_train[0m

[33m2026-02-17 12:17:11: Epoch: [006] | HIT@5: 0.1422 | HIT@10: 0.1612 | HIT@20: 0.1852 | NDCG@5: 0.1199 | NDCG@10: 0.1260 | NDCG@20: 0.1321[0m
[31m2026-02-17 12:17:11: Epoch: [006] | HIT@5: 0.1422 | HIT@10: 0.1612 | HIT@20: 0.1852 | NDCG@5: 0.1199 | NDCG@10: 0.1260 | NDCG@20: 0.1321[0m

[33m2026-02-17 12:17:50: Epoch: [006] | HIT@5: 0.1050 | HIT@10: 0.1196 | HIT@20: 0.1397 | NDCG@5: 0.0868 | NDCG@10: 0.0915 | NDCG@20: 0.0965[0m
[1;31m2026-02-17 12:17:50: Epoch: [006] | HIT@5: 0.1050 | HIT@10: 0.1196 | HIT@20: 0.1397 | NDCG@5: 0.0868 | NDCG@10: 0.0915 | NDCG@20: 0.0965[0m
[1;31m2026-02-17 12:17:50: v.s. BEST    | HIT@5: 3.78% | HIT@10: 3.44% | HIT@20: 3.31% | NDCG@5: 1.66% | NDCG@10: 1.64% | NDCG@20: 1.67%
[0m

[32m2026-02-17 12:20:49: Epoch: [007] | lr_adam: 0.001 | rec_avg_loss: 7.1867 | Message: 0217-114851-Grocery_and_Gourmet_Food-G&G_Food_first_train[0m

[33m2026-02-17 12:21:25: Epoch: [007] | HIT@5: 0.1415 | HIT@10: 0.1600 | HIT@20: 0.1862 | NDCG@5: 0.1193 | NDCG@10: 0.1253 | NDCG@20: 0.1319[0m
[31m2026-02-17 12:21:25: Epoch: [007] | HIT@5: 0.1422 | HIT@10: 0.1612 | HIT@20: 0.1862 | NDCG@5: 0.1199 | NDCG@10: 0.1260 | NDCG@20: 0.1321[0m
[37m2026-02-17 12:21:25: >>> EarlyStopping counter: 1 out of 50[0m

[33m2026-02-17 12:22:02: Epoch: [007] | HIT@5: 0.1046 | HIT@10: 0.1191 | HIT@20: 0.1391 | NDCG@5: 0.0859 | NDCG@10: 0.0906 | NDCG@20: 0.0956[0m
[1;31m2026-02-17 12:22:02: Epoch: [007] | HIT@5: 0.1050 | HIT@10: 0.1196 | HIT@20: 0.1397 | NDCG@5: 0.0868 | NDCG@10: 0.0915 | NDCG@20: 0.0965[0m
[1;31m2026-02-17 12:22:02: v.s. BEST    | HIT@5: -0.37% | HIT@10: -0.40% | HIT@20: -0.46% | NDCG@5: -0.99% | NDCG@10: -1.00% | NDCG@20: -0.98%
[0m

[32m2026-02-17 12:25:01: Epoch: [008] | lr_adam: 0.001 | rec_avg_loss: 7.0291 | Message: 0217-114851-Grocery_and_Gourmet_Food-G&G_Food_first_train[0m

[33m2026-02-17 12:25:37: Epoch: [008] | HIT@5: 0.1428 | HIT@10: 0.1614 | HIT@20: 0.1868 | NDCG@5: 0.1216 | NDCG@10: 0.1276 | NDCG@20: 0.1340[0m
[31m2026-02-17 12:25:37: Epoch: [008] | HIT@5: 0.1428 | HIT@10: 0.1614 | HIT@20: 0.1868 | NDCG@5: 0.1216 | NDCG@10: 0.1276 | NDCG@20: 0.1340[0m

[33m2026-02-17 12:26:15: Epoch: [008] | HIT@5: 0.1048 | HIT@10: 0.1201 | HIT@20: 0.1402 | NDCG@5: 0.0876 | NDCG@10: 0.0925 | NDCG@20: 0.0975[0m
[1;31m2026-02-17 12:26:15: Epoch: [008] | HIT@5: 0.1050 | HIT@10: 0.1201 | HIT@20: 0.1402 | NDCG@5: 0.0876 | NDCG@10: 0.0925 | NDCG@20: 0.0975[0m
[1;31m2026-02-17 12:26:15: v.s. BEST    | HIT@5: -0.13% | HIT@10: 0.38% | HIT@20: 0.35% | NDCG@5: 0.95% | NDCG@10: 1.08% | NDCG@20: 1.04%
[0m

[32m2026-02-17 12:29:14: Epoch: [009] | lr_adam: 0.001 | rec_avg_loss: 6.8933 | Message: 0217-114851-Grocery_and_Gourmet_Food-G&G_Food_first_train[0m

[33m2026-02-17 12:29:51: Epoch: [009] | HIT@5: 0.1432 | HIT@10: 0.1622 | HIT@20: 0.1878 | NDCG@5: 0.1222 | NDCG@10: 0.1283 | NDCG@20: 0.1347[0m
[31m2026-02-17 12:29:51: Epoch: [009] | HIT@5: 0.1432 | HIT@10: 0.1622 | HIT@20: 0.1878 | NDCG@5: 0.1222 | NDCG@10: 0.1283 | NDCG@20: 0.1347[0m

[33m2026-02-17 12:30:29: Epoch: [009] | HIT@5: 0.1050 | HIT@10: 0.1218 | HIT@20: 0.1422 | NDCG@5: 0.0876 | NDCG@10: 0.0930 | NDCG@20: 0.0982[0m
[1;31m2026-02-17 12:30:29: Epoch: [009] | HIT@5: 0.1050 | HIT@10: 0.1218 | HIT@20: 0.1422 | NDCG@5: 0.0876 | NDCG@10: 0.0930 | NDCG@20: 0.0982[0m
[1;31m2026-02-17 12:30:29: v.s. BEST    | HIT@5: -0.00% | HIT@10: 1.41% | HIT@20: 1.41% | NDCG@5: -0.02% | NDCG@10: 0.57% | NDCG@20: 0.62%
[0m

[32m2026-02-17 12:33:28: Epoch: [010] | lr_adam: 0.001 | rec_avg_loss: 6.7875 | Message: 0217-114851-Grocery_and_Gourmet_Food-G&G_Food_first_train[0m

[33m2026-02-17 12:34:04: Epoch: [010] | HIT@5: 0.1439 | HIT@10: 0.1629 | HIT@20: 0.1893 | NDCG@5: 0.1220 | NDCG@10: 0.1281 | NDCG@20: 0.1347[0m
[31m2026-02-17 12:34:04: Epoch: [010] | HIT@5: 0.1439 | HIT@10: 0.1629 | HIT@20: 0.1893 | NDCG@5: 0.1222 | NDCG@10: 0.1283 | NDCG@20: 0.1347[0m

[33m2026-02-17 12:34:42: Epoch: [010] | HIT@5: 0.1048 | HIT@10: 0.1209 | HIT@20: 0.1413 | NDCG@5: 0.0874 | NDCG@10: 0.0926 | NDCG@20: 0.0977[0m
[1;31m2026-02-17 12:34:42: Epoch: [010] | HIT@5: 0.1050 | HIT@10: 0.1218 | HIT@20: 0.1422 | NDCG@5: 0.0876 | NDCG@10: 0.0930 | NDCG@20: 0.0982[0m
[1;31m2026-02-17 12:34:42: v.s. BEST    | HIT@5: -0.13% | HIT@10: -0.68% | HIT@20: -0.66% | NDCG@5: -0.20% | NDCG@10: -0.45% | NDCG@20: -0.46%
[0m

[32m2026-02-17 12:37:41: Epoch: [011] | lr_adam: 0.001 | rec_avg_loss: 6.6949 | Message: 0217-114851-Grocery_and_Gourmet_Food-G&G_Food_first_train[0m

[33m2026-02-17 12:38:18: Epoch: [011] | HIT@5: 0.1445 | HIT@10: 0.1634 | HIT@20: 0.1882 | NDCG@5: 0.1221 | NDCG@10: 0.1281 | NDCG@20: 0.1344[0m
[31m2026-02-17 12:38:18: Epoch: [011] | HIT@5: 0.1445 | HIT@10: 0.1634 | HIT@20: 0.1893 | NDCG@5: 0.1222 | NDCG@10: 0.1283 | NDCG@20: 0.1347[0m
[37m2026-02-17 12:38:18: >>> EarlyStopping counter: 1 out of 50[0m

[33m2026-02-17 12:38:54: Epoch: [011] | HIT@5: 0.1054 | HIT@10: 0.1206 | HIT@20: 0.1407 | NDCG@5: 0.0852 | NDCG@10: 0.0901 | NDCG@20: 0.0951[0m
[1;31m2026-02-17 12:38:54: Epoch: [011] | HIT@5: 0.1054 | HIT@10: 0.1218 | HIT@20: 0.1422 | NDCG@5: 0.0876 | NDCG@10: 0.0930 | NDCG@20: 0.0982[0m
[1;31m2026-02-17 12:38:54: v.s. BEST    | HIT@5: 0.47% | HIT@10: -0.93% | HIT@20: -1.09% | NDCG@5: -2.74% | NDCG@10: -3.16% | NDCG@20: -3.11%
[0m

[32m2026-02-17 12:41:54: Epoch: [012] | lr_adam: 0.001 | rec_avg_loss: 6.6173 | Message: 0217-114851-Grocery_and_Gourmet_Food-G&G_Food_first_train[0m

[33m2026-02-17 12:42:31: Epoch: [012] | HIT@5: 0.1433 | HIT@10: 0.1620 | HIT@20: 0.1880 | NDCG@5: 0.1215 | NDCG@10: 0.1275 | NDCG@20: 0.1341[0m
[31m2026-02-17 12:42:31: Epoch: [012] | HIT@5: 0.1445 | HIT@10: 0.1634 | HIT@20: 0.1893 | NDCG@5: 0.1222 | NDCG@10: 0.1283 | NDCG@20: 0.1347[0m
[37m2026-02-17 12:42:31: >>> EarlyStopping counter: 2 out of 50[0m

[33m2026-02-17 12:43:08: Epoch: [012] | HIT@5: 0.1028 | HIT@10: 0.1187 | HIT@20: 0.1390 | NDCG@5: 0.0861 | NDCG@10: 0.0912 | NDCG@20: 0.0964[0m
[1;31m2026-02-17 12:43:08: Epoch: [012] | HIT@5: 0.1054 | HIT@10: 0.1218 | HIT@20: 0.1422 | NDCG@5: 0.0876 | NDCG@10: 0.0930 | NDCG@20: 0.0982[0m
[1;31m2026-02-17 12:43:08: v.s. BEST    | HIT@5: -2.50% | HIT@10: -2.51% | HIT@20: -2.25% | NDCG@5: -1.68% | NDCG@10: -1.91% | NDCG@20: -1.82%
[0m

[32m2026-02-17 12:46:07: Epoch: [013] | lr_adam: 0.001 | rec_avg_loss: 6.5464 | Message: 0217-114851-Grocery_and_Gourmet_Food-G&G_Food_first_train[0m

[33m2026-02-17 12:46:44: Epoch: [013] | HIT@5: 0.1436 | HIT@10: 0.1640 | HIT@20: 0.1898 | NDCG@5: 0.1207 | NDCG@10: 0.1272 | NDCG@20: 0.1337[0m
[31m2026-02-17 12:46:44: Epoch: [013] | HIT@5: 0.1445 | HIT@10: 0.1640 | HIT@20: 0.1898 | NDCG@5: 0.1222 | NDCG@10: 0.1283 | NDCG@20: 0.1347[0m
[37m2026-02-17 12:46:44: >>> EarlyStopping counter: 3 out of 50[0m

[33m2026-02-17 12:47:21: Epoch: [013] | HIT@5: 0.1057 | HIT@10: 0.1207 | HIT@20: 0.1413 | NDCG@5: 0.0844 | NDCG@10: 0.0892 | NDCG@20: 0.0944[0m
[1;31m2026-02-17 12:47:21: Epoch: [013] | HIT@5: 0.1057 | HIT@10: 0.1218 | HIT@20: 0.1422 | NDCG@5: 0.0876 | NDCG@10: 0.0930 | NDCG@20: 0.0982[0m
[1;31m2026-02-17 12:47:21: v.s. BEST    | HIT@5: 0.25% | HIT@10: -0.87% | HIT@20: -0.62% | NDCG@5: -3.62% | NDCG@10: -4.06% | NDCG@20: -3.80%
[0m

[32m2026-02-17 12:50:20: Epoch: [014] | lr_adam: 0.001 | rec_avg_loss: 6.4872 | Message: 0217-114851-Grocery_and_Gourmet_Food-G&G_Food_first_train[0m

[33m2026-02-17 12:50:56: Epoch: [014] | HIT@5: 0.1445 | HIT@10: 0.1630 | HIT@20: 0.1892 | NDCG@5: 0.1222 | NDCG@10: 0.1282 | NDCG@20: 0.1347[0m
[31m2026-02-17 12:50:56: Epoch: [014] | HIT@5: 0.1445 | HIT@10: 0.1640 | HIT@20: 0.1898 | NDCG@5: 0.1222 | NDCG@10: 0.1283 | NDCG@20: 0.1347[0m

[33m2026-02-17 12:51:35: Epoch: [014] | HIT@5: 0.1050 | HIT@10: 0.1193 | HIT@20: 0.1398 | NDCG@5: 0.0876 | NDCG@10: 0.0922 | NDCG@20: 0.0974[0m
[1;31m2026-02-17 12:51:35: Epoch: [014] | HIT@5: 0.1057 | HIT@10: 0.1218 | HIT@20: 0.1422 | NDCG@5: 0.0876 | NDCG@10: 0.0930 | NDCG@20: 0.0982[0m
[1;31m2026-02-17 12:51:35: v.s. BEST    | HIT@5: -0.72% | HIT@10: -2.02% | HIT@20: -1.73% | NDCG@5: 0.03% | NDCG@10: -0.85% | NDCG@20: -0.80%
[0m

[32m2026-02-17 12:54:33: Epoch: [015] | lr_adam: 0.001 | rec_avg_loss: 6.4351 | Message: 0217-114851-Grocery_and_Gourmet_Food-G&G_Food_first_train[0m

[33m2026-02-17 12:55:10: Epoch: [015] | HIT@5: 0.1437 | HIT@10: 0.1641 | HIT@20: 0.1904 | NDCG@5: 0.1213 | NDCG@10: 0.1278 | NDCG@20: 0.1345[0m
[31m2026-02-17 12:55:10: Epoch: [015] | HIT@5: 0.1445 | HIT@10: 0.1641 | HIT@20: 0.1904 | NDCG@5: 0.1222 | NDCG@10: 0.1283 | NDCG@20: 0.1347[0m
[37m2026-02-17 12:55:10: >>> EarlyStopping counter: 1 out of 50[0m

[33m2026-02-17 12:55:48: Epoch: [015] | HIT@5: 0.1022 | HIT@10: 0.1202 | HIT@20: 0.1398 | NDCG@5: 0.0858 | NDCG@10: 0.0917 | NDCG@20: 0.0966[0m
[1;31m2026-02-17 12:55:48: Epoch: [015] | HIT@5: 0.1057 | HIT@10: 0.1218 | HIT@20: 0.1422 | NDCG@5: 0.0876 | NDCG@10: 0.0930 | NDCG@20: 0.0982[0m
[1;31m2026-02-17 12:55:48: v.s. BEST    | HIT@5: -3.35% | HIT@10: -1.25% | HIT@20: -1.67% | NDCG@5: -2.03% | NDCG@10: -1.45% | NDCG@20: -1.58%
[0m

[32m2026-02-17 12:58:46: Epoch: [016] | lr_adam: 0.001 | rec_avg_loss: 6.3772 | Message: 0217-114851-Grocery_and_Gourmet_Food-G&G_Food_first_train[0m

[33m2026-02-17 12:59:24: Epoch: [016] | HIT@5: 0.1440 | HIT@10: 0.1637 | HIT@20: 0.1888 | NDCG@5: 0.1211 | NDCG@10: 0.1274 | NDCG@20: 0.1338[0m
[31m2026-02-17 12:59:24: Epoch: [016] | HIT@5: 0.1445 | HIT@10: 0.1641 | HIT@20: 0.1904 | NDCG@5: 0.1222 | NDCG@10: 0.1283 | NDCG@20: 0.1347[0m
[37m2026-02-17 12:59:24: >>> EarlyStopping counter: 2 out of 50[0m

[33m2026-02-17 13:00:01: Epoch: [016] | HIT@5: 0.1041 | HIT@10: 0.1197 | HIT@20: 0.1396 | NDCG@5: 0.0867 | NDCG@10: 0.0917 | NDCG@20: 0.0967[0m
[1;31m2026-02-17 13:00:01: Epoch: [016] | HIT@5: 0.1057 | HIT@10: 0.1218 | HIT@20: 0.1422 | NDCG@5: 0.0876 | NDCG@10: 0.0930 | NDCG@20: 0.0982[0m
[1;31m2026-02-17 13:00:01: v.s. BEST    | HIT@5: -1.52% | HIT@10: -1.69% | HIT@20: -1.82% | NDCG@5: -1.02% | NDCG@10: -1.38% | NDCG@20: -1.45%
[0m

[32m2026-02-17 13:03:00: Epoch: [017] | lr_adam: 0.001 | rec_avg_loss: 6.3304 | Message: 0217-114851-Grocery_and_Gourmet_Food-G&G_Food_first_train[0m

[33m2026-02-17 13:03:39: Epoch: [017] | HIT@5: 0.1441 | HIT@10: 0.1642 | HIT@20: 0.1894 | NDCG@5: 0.1229 | NDCG@10: 0.1293 | NDCG@20: 0.1357[0m
[31m2026-02-17 13:03:39: Epoch: [017] | HIT@5: 0.1445 | HIT@10: 0.1642 | HIT@20: 0.1904 | NDCG@5: 0.1229 | NDCG@10: 0.1293 | NDCG@20: 0.1357[0m

[33m2026-02-17 13:04:18: Epoch: [017] | HIT@5: 0.1054 | HIT@10: 0.1203 | HIT@20: 0.1406 | NDCG@5: 0.0883 | NDCG@10: 0.0931 | NDCG@20: 0.0982[0m
[1;31m2026-02-17 13:04:18: Epoch: [017] | HIT@5: 0.1057 | HIT@10: 0.1218 | HIT@20: 0.1422 | NDCG@5: 0.0883 | NDCG@10: 0.0931 | NDCG@20: 0.0982[0m
[1;31m2026-02-17 13:04:18: v.s. BEST    | HIT@5: -0.33% | HIT@10: -1.22% | HIT@20: -1.11% | NDCG@5: 0.81% | NDCG@10: 0.09% | NDCG@20: 0.06%
[0m

[32m2026-02-17 13:07:18: Epoch: [018] | lr_adam: 0.001 | rec_avg_loss: 6.2876 | Message: 0217-114851-Grocery_and_Gourmet_Food-G&G_Food_first_train[0m

[33m2026-02-17 13:07:56: Epoch: [018] | HIT@5: 0.1455 | HIT@10: 0.1650 | HIT@20: 0.1897 | NDCG@5: 0.1233 | NDCG@10: 0.1295 | NDCG@20: 0.1358[0m
[31m2026-02-17 13:07:56: Epoch: [018] | HIT@5: 0.1455 | HIT@10: 0.1650 | HIT@20: 0.1904 | NDCG@5: 0.1233 | NDCG@10: 0.1295 | NDCG@20: 0.1358[0m

[33m2026-02-17 13:08:35: Epoch: [018] | HIT@5: 0.1046 | HIT@10: 0.1199 | HIT@20: 0.1404 | NDCG@5: 0.0876 | NDCG@10: 0.0925 | NDCG@20: 0.0977[0m
[1;31m2026-02-17 13:08:35: Epoch: [018] | HIT@5: 0.1057 | HIT@10: 0.1218 | HIT@20: 0.1422 | NDCG@5: 0.0883 | NDCG@10: 0.0931 | NDCG@20: 0.0982[0m
[1;31m2026-02-17 13:08:35: v.s. BEST    | HIT@5: -1.02% | HIT@10: -1.54% | HIT@20: -1.31% | NDCG@5: -0.84% | NDCG@10: -0.64% | NDCG@20: -0.57%
[0m

[32m2026-02-17 13:11:35: Epoch: [019] | lr_adam: 0.001 | rec_avg_loss: 6.2456 | Message: 0217-114851-Grocery_and_Gourmet_Food-G&G_Food_first_train[0m

[33m2026-02-17 13:12:12: Epoch: [019] | HIT@5: 0.1435 | HIT@10: 0.1621 | HIT@20: 0.1883 | NDCG@5: 0.1220 | NDCG@10: 0.1280 | NDCG@20: 0.1346[0m
[31m2026-02-17 13:12:12: Epoch: [019] | HIT@5: 0.1455 | HIT@10: 0.1650 | HIT@20: 0.1904 | NDCG@5: 0.1233 | NDCG@10: 0.1295 | NDCG@20: 0.1358[0m
[37m2026-02-17 13:12:12: >>> EarlyStopping counter: 1 out of 50[0m

[33m2026-02-17 13:12:50: Epoch: [019] | HIT@5: 0.1041 | HIT@10: 0.1185 | HIT@20: 0.1397 | NDCG@5: 0.0844 | NDCG@10: 0.0890 | NDCG@20: 0.0944[0m
[1;31m2026-02-17 13:12:50: Epoch: [019] | HIT@5: 0.1057 | HIT@10: 0.1218 | HIT@20: 0.1422 | NDCG@5: 0.0883 | NDCG@10: 0.0931 | NDCG@20: 0.0982[0m
[1;31m2026-02-17 13:12:50: v.s. BEST    | HIT@5: -1.56% | HIT@10: -2.69% | HIT@20: -1.75% | NDCG@5: -4.43% | NDCG@10: -4.36% | NDCG@20: -3.90%
[0m

[32m2026-02-17 13:15:49: Epoch: [020] | lr_adam: 0.001 | rec_avg_loss: 6.2054 | Message: 0217-114851-Grocery_and_Gourmet_Food-G&G_Food_first_train[0m

[33m2026-02-17 13:16:27: Epoch: [020] | HIT@5: 0.1441 | HIT@10: 0.1631 | HIT@20: 0.1891 | NDCG@5: 0.1216 | NDCG@10: 0.1277 | NDCG@20: 0.1342[0m
[31m2026-02-17 13:16:27: Epoch: [020] | HIT@5: 0.1455 | HIT@10: 0.1650 | HIT@20: 0.1904 | NDCG@5: 0.1233 | NDCG@10: 0.1295 | NDCG@20: 0.1358[0m
[37m2026-02-17 13:16:27: >>> EarlyStopping counter: 2 out of 50[0m

[33m2026-02-17 13:17:05: Epoch: [020] | HIT@5: 0.1034 | HIT@10: 0.1191 | HIT@20: 0.1389 | NDCG@5: 0.0841 | NDCG@10: 0.0892 | NDCG@20: 0.0942[0m
[1;31m2026-02-17 13:17:05: Epoch: [020] | HIT@5: 0.1057 | HIT@10: 0.1218 | HIT@20: 0.1422 | NDCG@5: 0.0883 | NDCG@10: 0.0931 | NDCG@20: 0.0982[0m
[1;31m2026-02-17 13:17:05: v.s. BEST    | HIT@5: -2.23% | HIT@10: -2.15% | HIT@20: -2.30% | NDCG@5: -4.75% | NDCG@10: -4.22% | NDCG@20: -4.13%
[0m

[32m2026-02-17 13:20:05: Epoch: [021] | lr_adam: 0.001 | rec_avg_loss: 6.1724 | Message: 0217-114851-Grocery_and_Gourmet_Food-G&G_Food_first_train[0m

[33m2026-02-17 13:20:43: Epoch: [021] | HIT@5: 0.1432 | HIT@10: 0.1628 | HIT@20: 0.1891 | NDCG@5: 0.1214 | NDCG@10: 0.1277 | NDCG@20: 0.1343[0m
[31m2026-02-17 13:20:43: Epoch: [021] | HIT@5: 0.1455 | HIT@10: 0.1650 | HIT@20: 0.1904 | NDCG@5: 0.1233 | NDCG@10: 0.1295 | NDCG@20: 0.1358[0m
[37m2026-02-17 13:20:43: >>> EarlyStopping counter: 3 out of 50[0m

[33m2026-02-17 13:21:21: Epoch: [021] | HIT@5: 0.1025 | HIT@10: 0.1179 | HIT@20: 0.1386 | NDCG@5: 0.0832 | NDCG@10: 0.0881 | NDCG@20: 0.0933[0m
[1;31m2026-02-17 13:21:21: Epoch: [021] | HIT@5: 0.1057 | HIT@10: 0.1218 | HIT@20: 0.1422 | NDCG@5: 0.0883 | NDCG@10: 0.0931 | NDCG@20: 0.0982[0m
[1;31m2026-02-17 13:21:21: v.s. BEST    | HIT@5: -3.01% | HIT@10: -3.14% | HIT@20: -2.51% | NDCG@5: -5.85% | NDCG@10: -5.36% | NDCG@20: -5.00%
[0m

[32m2026-02-17 13:24:20: Epoch: [022] | lr_adam: 0.001 | rec_avg_loss: 6.1368 | Message: 0217-114851-Grocery_and_Gourmet_Food-G&G_Food_first_train[0m

[33m2026-02-17 13:24:59: Epoch: [022] | HIT@5: 0.1449 | HIT@10: 0.1642 | HIT@20: 0.1892 | NDCG@5: 0.1230 | NDCG@10: 0.1293 | NDCG@20: 0.1356[0m
[31m2026-02-17 13:24:59: Epoch: [022] | HIT@5: 0.1455 | HIT@10: 0.1650 | HIT@20: 0.1904 | NDCG@5: 0.1233 | NDCG@10: 0.1295 | NDCG@20: 0.1358[0m
[37m2026-02-17 13:24:59: >>> EarlyStopping counter: 4 out of 50[0m

[33m2026-02-17 13:25:37: Epoch: [022] | HIT@5: 0.1036 | HIT@10: 0.1191 | HIT@20: 0.1389 | NDCG@5: 0.0860 | NDCG@10: 0.0910 | NDCG@20: 0.0960[0m
[1;31m2026-02-17 13:25:37: Epoch: [022] | HIT@5: 0.1057 | HIT@10: 0.1218 | HIT@20: 0.1422 | NDCG@5: 0.0883 | NDCG@10: 0.0931 | NDCG@20: 0.0982[0m
[1;31m2026-02-17 13:25:37: v.s. BEST    | HIT@5: -1.99% | HIT@10: -2.18% | HIT@20: -2.34% | NDCG@5: -2.59% | NDCG@10: -2.19% | NDCG@20: -2.23%
[0m

[32m2026-02-17 13:28:36: Epoch: [023] | lr_adam: 0.001 | rec_avg_loss: 6.1036 | Message: 0217-114851-Grocery_and_Gourmet_Food-G&G_Food_first_train[0m

[33m2026-02-17 13:29:15: Epoch: [023] | HIT@5: 0.1435 | HIT@10: 0.1626 | HIT@20: 0.1877 | NDCG@5: 0.1227 | NDCG@10: 0.1289 | NDCG@20: 0.1352[0m
[31m2026-02-17 13:29:15: Epoch: [023] | HIT@5: 0.1455 | HIT@10: 0.1650 | HIT@20: 0.1904 | NDCG@5: 0.1233 | NDCG@10: 0.1295 | NDCG@20: 0.1358[0m
[37m2026-02-17 13:29:15: >>> EarlyStopping counter: 5 out of 50[0m

[33m2026-02-17 13:29:53: Epoch: [023] | HIT@5: 0.1038 | HIT@10: 0.1181 | HIT@20: 0.1381 | NDCG@5: 0.0864 | NDCG@10: 0.0910 | NDCG@20: 0.0961[0m
[1;31m2026-02-17 13:29:53: Epoch: [023] | HIT@5: 0.1057 | HIT@10: 0.1218 | HIT@20: 0.1422 | NDCG@5: 0.0883 | NDCG@10: 0.0931 | NDCG@20: 0.0982[0m
[1;31m2026-02-17 13:29:53: v.s. BEST    | HIT@5: -1.81% | HIT@10: -3.02% | HIT@20: -2.92% | NDCG@5: -2.12% | NDCG@10: -2.20% | NDCG@20: -2.18%
[0m

[32m2026-02-17 13:33:29: Epoch: [024] | lr_adam: 0.0001 | rec_avg_loss: 6.0758 | Message: 0217-114851-Grocery_and_Gourmet_Food-G&G_Food_first_train[0m

[33m2026-02-17 13:34:07: Epoch: [024] | HIT@5: 0.1430 | HIT@10: 0.1627 | HIT@20: 0.1878 | NDCG@5: 0.1206 | NDCG@10: 0.1269 | NDCG@20: 0.1332[0m
[31m2026-02-17 13:34:07: Epoch: [024] | HIT@5: 0.1455 | HIT@10: 0.1650 | HIT@20: 0.1904 | NDCG@5: 0.1233 | NDCG@10: 0.1295 | NDCG@20: 0.1358[0m
[37m2026-02-17 13:34:07: >>> EarlyStopping counter: 6 out of 50[0m

[33m2026-02-17 13:34:45: Epoch: [024] | HIT@5: 0.1036 | HIT@10: 0.1190 | HIT@20: 0.1389 | NDCG@5: 0.0837 | NDCG@10: 0.0887 | NDCG@20: 0.0937[0m
[1;31m2026-02-17 13:34:45: Epoch: [024] | HIT@5: 0.1057 | HIT@10: 0.1218 | HIT@20: 0.1422 | NDCG@5: 0.0883 | NDCG@10: 0.0931 | NDCG@20: 0.0982[0m
[1;31m2026-02-17 13:34:45: v.s. BEST    | HIT@5: -2.01% | HIT@10: -2.28% | HIT@20: -2.35% | NDCG@5: -5.18% | NDCG@10: -4.72% | NDCG@20: -4.60%
[0m

[32m2026-02-17 13:37:44: Epoch: [025] | lr_adam: 0.0001 | rec_avg_loss: 5.6023 | Message: 0217-114851-Grocery_and_Gourmet_Food-G&G_Food_first_train[0m

[33m2026-02-17 13:38:27: Epoch: [025] | HIT@5: 0.1475 | HIT@10: 0.1677 | HIT@20: 0.1928 | NDCG@5: 0.1248 | NDCG@10: 0.1313 | NDCG@20: 0.1376[0m
[31m2026-02-17 13:38:27: Epoch: [025] | HIT@5: 0.1475 | HIT@10: 0.1677 | HIT@20: 0.1928 | NDCG@5: 0.1248 | NDCG@10: 0.1313 | NDCG@20: 0.1376[0m

[33m2026-02-17 13:39:09: Epoch: [025] | HIT@5: 0.1070 | HIT@10: 0.1222 | HIT@20: 0.1418 | NDCG@5: 0.0894 | NDCG@10: 0.0943 | NDCG@20: 0.0992[0m
[1;31m2026-02-17 13:39:09: Epoch: [025] | HIT@5: 0.1070 | HIT@10: 0.1222 | HIT@20: 0.1422 | NDCG@5: 0.0894 | NDCG@10: 0.0943 | NDCG@20: 0.0992[0m
[1;31m2026-02-17 13:39:09: v.s. BEST    | HIT@5: 1.24% | HIT@10: 0.35% | HIT@20: -0.31% | NDCG@5: 1.23% | NDCG@10: 1.27% | NDCG@20: 1.01%
[0m

[32m2026-02-17 13:42:10: Epoch: [026] | lr_adam: 0.0001 | rec_avg_loss: 5.5448 | Message: 0217-114851-Grocery_and_Gourmet_Food-G&G_Food_first_train[0m

[33m2026-02-17 13:42:48: Epoch: [026] | HIT@5: 0.1470 | HIT@10: 0.1671 | HIT@20: 0.1931 | NDCG@5: 0.1251 | NDCG@10: 0.1316 | NDCG@20: 0.1381[0m
[31m2026-02-17 13:42:48: Epoch: [026] | HIT@5: 0.1475 | HIT@10: 0.1677 | HIT@20: 0.1931 | NDCG@5: 0.1251 | NDCG@10: 0.1316 | NDCG@20: 0.1381[0m

[33m2026-02-17 13:43:28: Epoch: [026] | HIT@5: 0.1069 | HIT@10: 0.1220 | HIT@20: 0.1424 | NDCG@5: 0.0892 | NDCG@10: 0.0940 | NDCG@20: 0.0992[0m
[1;31m2026-02-17 13:43:28: Epoch: [026] | HIT@5: 0.1070 | HIT@10: 0.1222 | HIT@20: 0.1424 | NDCG@5: 0.0894 | NDCG@10: 0.0943 | NDCG@20: 0.0992[0m
[1;31m2026-02-17 13:43:28: v.s. BEST    | HIT@5: -0.08% | HIT@10: -0.17% | HIT@20: 0.10% | NDCG@5: -0.21% | NDCG@10: -0.24% | NDCG@20: -0.03%
[0m

[32m2026-02-17 13:46:26: Epoch: [027] | lr_adam: 0.0001 | rec_avg_loss: 5.5277 | Message: 0217-114851-Grocery_and_Gourmet_Food-G&G_Food_first_train[0m

[33m2026-02-17 13:47:04: Epoch: [027] | HIT@5: 0.1473 | HIT@10: 0.1671 | HIT@20: 0.1927 | NDCG@5: 0.1244 | NDCG@10: 0.1308 | NDCG@20: 0.1372[0m
[31m2026-02-17 13:47:04: Epoch: [027] | HIT@5: 0.1475 | HIT@10: 0.1677 | HIT@20: 0.1931 | NDCG@5: 0.1251 | NDCG@10: 0.1316 | NDCG@20: 0.1381[0m
[37m2026-02-17 13:47:04: >>> EarlyStopping counter: 1 out of 50[0m

[33m2026-02-17 13:47:42: Epoch: [027] | HIT@5: 0.1069 | HIT@10: 0.1226 | HIT@20: 0.1418 | NDCG@5: 0.0890 | NDCG@10: 0.0941 | NDCG@20: 0.0989[0m
[1;31m2026-02-17 13:47:42: Epoch: [027] | HIT@5: 0.1070 | HIT@10: 0.1226 | HIT@20: 0.1424 | NDCG@5: 0.0894 | NDCG@10: 0.0943 | NDCG@20: 0.0992[0m
[1;31m2026-02-17 13:47:42: v.s. BEST    | HIT@5: -0.07% | HIT@10: 0.35% | HIT@20: -0.40% | NDCG@5: -0.40% | NDCG@10: -0.22% | NDCG@20: -0.33%
[0m

[32m2026-02-17 13:50:41: Epoch: [028] | lr_adam: 0.0001 | rec_avg_loss: 5.5147 | Message: 0217-114851-Grocery_and_Gourmet_Food-G&G_Food_first_train[0m

[33m2026-02-17 13:51:19: Epoch: [028] | HIT@5: 0.1475 | HIT@10: 0.1669 | HIT@20: 0.1931 | NDCG@5: 0.1251 | NDCG@10: 0.1314 | NDCG@20: 0.1380[0m
[31m2026-02-17 13:51:19: Epoch: [028] | HIT@5: 0.1475 | HIT@10: 0.1677 | HIT@20: 0.1931 | NDCG@5: 0.1251 | NDCG@10: 0.1316 | NDCG@20: 0.1381[0m
[37m2026-02-17 13:51:19: >>> EarlyStopping counter: 2 out of 50[0m

[33m2026-02-17 13:51:57: Epoch: [028] | HIT@5: 0.1073 | HIT@10: 0.1221 | HIT@20: 0.1423 | NDCG@5: 0.0895 | NDCG@10: 0.0943 | NDCG@20: 0.0994[0m
[1;31m2026-02-17 13:51:57: Epoch: [028] | HIT@5: 0.1073 | HIT@10: 0.1226 | HIT@20: 0.1424 | NDCG@5: 0.0895 | NDCG@10: 0.0943 | NDCG@20: 0.0994[0m
[1;31m2026-02-17 13:51:57: v.s. BEST    | HIT@5: 0.23% | HIT@10: -0.42% | HIT@20: -0.01% | NDCG@5: 0.12% | NDCG@10: 0.00% | NDCG@20: 0.16%
[0m

[32m2026-02-17 13:54:56: Epoch: [029] | lr_adam: 0.0001 | rec_avg_loss: 5.504 | Message: 0217-114851-Grocery_and_Gourmet_Food-G&G_Food_first_train[0m

[33m2026-02-17 13:55:34: Epoch: [029] | HIT@5: 0.1474 | HIT@10: 0.1668 | HIT@20: 0.1928 | NDCG@5: 0.1244 | NDCG@10: 0.1306 | NDCG@20: 0.1372[0m
[31m2026-02-17 13:55:34: Epoch: [029] | HIT@5: 0.1475 | HIT@10: 0.1677 | HIT@20: 0.1931 | NDCG@5: 0.1251 | NDCG@10: 0.1316 | NDCG@20: 0.1381[0m
[37m2026-02-17 13:55:34: >>> EarlyStopping counter: 3 out of 50[0m

[33m2026-02-17 13:56:12: Epoch: [029] | HIT@5: 0.1072 | HIT@10: 0.1220 | HIT@20: 0.1417 | NDCG@5: 0.0893 | NDCG@10: 0.0940 | NDCG@20: 0.0990[0m
[1;31m2026-02-17 13:56:12: Epoch: [029] | HIT@5: 0.1073 | HIT@10: 0.1226 | HIT@20: 0.1424 | NDCG@5: 0.0895 | NDCG@10: 0.0943 | NDCG@20: 0.0994[0m
[1;31m2026-02-17 13:56:12: v.s. BEST    | HIT@5: -0.05% | HIT@10: -0.52% | HIT@20: -0.46% | NDCG@5: -0.28% | NDCG@10: -0.27% | NDCG@20: -0.38%
[0m

[32m2026-02-17 13:59:11: Epoch: [030] | lr_adam: 0.0001 | rec_avg_loss: 5.4845 | Message: 0217-114851-Grocery_and_Gourmet_Food-G&G_Food_first_train[0m

[33m2026-02-17 13:59:49: Epoch: [030] | HIT@5: 0.1475 | HIT@10: 0.1665 | HIT@20: 0.1931 | NDCG@5: 0.1244 | NDCG@10: 0.1305 | NDCG@20: 0.1372[0m
[31m2026-02-17 13:59:49: Epoch: [030] | HIT@5: 0.1475 | HIT@10: 0.1677 | HIT@20: 0.1931 | NDCG@5: 0.1251 | NDCG@10: 0.1316 | NDCG@20: 0.1381[0m
[37m2026-02-17 13:59:49: >>> EarlyStopping counter: 4 out of 50[0m

[33m2026-02-17 14:00:27: Epoch: [030] | HIT@5: 0.1068 | HIT@10: 0.1220 | HIT@20: 0.1411 | NDCG@5: 0.0891 | NDCG@10: 0.0940 | NDCG@20: 0.0988[0m
[1;31m2026-02-17 14:00:27: Epoch: [030] | HIT@5: 0.1073 | HIT@10: 0.1226 | HIT@20: 0.1424 | NDCG@5: 0.0895 | NDCG@10: 0.0943 | NDCG@20: 0.0994[0m
[1;31m2026-02-17 14:00:27: v.s. BEST    | HIT@5: -0.41% | HIT@10: -0.46% | HIT@20: -0.87% | NDCG@5: -0.46% | NDCG@10: -0.28% | NDCG@20: -0.55%
[0m

[32m2026-02-17 14:03:27: Epoch: [031] | lr_adam: 0.0001 | rec_avg_loss: 5.4752 | Message: 0217-114851-Grocery_and_Gourmet_Food-G&G_Food_first_train[0m

[33m2026-02-17 14:04:05: Epoch: [031] | HIT@5: 0.1469 | HIT@10: 0.1664 | HIT@20: 0.1926 | NDCG@5: 0.1237 | NDCG@10: 0.1300 | NDCG@20: 0.1366[0m
[31m2026-02-17 14:04:05: Epoch: [031] | HIT@5: 0.1475 | HIT@10: 0.1677 | HIT@20: 0.1931 | NDCG@5: 0.1251 | NDCG@10: 0.1316 | NDCG@20: 0.1381[0m
[37m2026-02-17 14:04:05: >>> EarlyStopping counter: 5 out of 50[0m

[33m2026-02-17 14:04:43: Epoch: [031] | HIT@5: 0.1065 | HIT@10: 0.1213 | HIT@20: 0.1413 | NDCG@5: 0.0885 | NDCG@10: 0.0933 | NDCG@20: 0.0983[0m
[1;31m2026-02-17 14:04:43: Epoch: [031] | HIT@5: 0.1073 | HIT@10: 0.1226 | HIT@20: 0.1424 | NDCG@5: 0.0895 | NDCG@10: 0.0943 | NDCG@20: 0.0994[0m
[1;31m2026-02-17 14:04:43: v.s. BEST    | HIT@5: -0.74% | HIT@10: -1.02% | HIT@20: -0.76% | NDCG@5: -1.13% | NDCG@10: -1.04% | NDCG@20: -1.07%
[0m

[32m2026-02-17 14:07:42: Epoch: [032] | lr_adam: 0.0001 | rec_avg_loss: 5.4669 | Message: 0217-114851-Grocery_and_Gourmet_Food-G&G_Food_first_train[0m

[33m2026-02-17 14:08:20: Epoch: [032] | HIT@5: 0.1471 | HIT@10: 0.1670 | HIT@20: 0.1925 | NDCG@5: 0.1249 | NDCG@10: 0.1313 | NDCG@20: 0.1377[0m
[31m2026-02-17 14:08:20: Epoch: [032] | HIT@5: 0.1475 | HIT@10: 0.1677 | HIT@20: 0.1931 | NDCG@5: 0.1251 | NDCG@10: 0.1316 | NDCG@20: 0.1381[0m
[37m2026-02-17 14:08:20: >>> EarlyStopping counter: 6 out of 50[0m

[33m2026-02-17 14:08:58: Epoch: [032] | HIT@5: 0.1066 | HIT@10: 0.1216 | HIT@20: 0.1409 | NDCG@5: 0.0892 | NDCG@10: 0.0940 | NDCG@20: 0.0989[0m
[1;31m2026-02-17 14:08:58: Epoch: [032] | HIT@5: 0.1073 | HIT@10: 0.1226 | HIT@20: 0.1424 | NDCG@5: 0.0895 | NDCG@10: 0.0943 | NDCG@20: 0.0994[0m
[1;31m2026-02-17 14:08:58: v.s. BEST    | HIT@5: -0.66% | HIT@10: -0.82% | HIT@20: -0.99% | NDCG@5: -0.37% | NDCG@10: -0.30% | NDCG@20: -0.50%
[0m

[32m2026-02-17 14:11:57: Epoch: [033] | lr_adam: 0.0001 | rec_avg_loss: 5.4587 | Message: 0217-114851-Grocery_and_Gourmet_Food-G&G_Food_first_train[0m

[33m2026-02-17 14:12:35: Epoch: [033] | HIT@5: 0.1467 | HIT@10: 0.1665 | HIT@20: 0.1927 | NDCG@5: 0.1236 | NDCG@10: 0.1300 | NDCG@20: 0.1365[0m
[31m2026-02-17 14:12:35: Epoch: [033] | HIT@5: 0.1475 | HIT@10: 0.1677 | HIT@20: 0.1931 | NDCG@5: 0.1251 | NDCG@10: 0.1316 | NDCG@20: 0.1381[0m
[37m2026-02-17 14:12:35: >>> EarlyStopping counter: 7 out of 50[0m

[33m2026-02-17 14:13:13: Epoch: [033] | HIT@5: 0.1065 | HIT@10: 0.1214 | HIT@20: 0.1407 | NDCG@5: 0.0884 | NDCG@10: 0.0933 | NDCG@20: 0.0981[0m
[1;31m2026-02-17 14:13:13: Epoch: [033] | HIT@5: 0.1073 | HIT@10: 0.1226 | HIT@20: 0.1424 | NDCG@5: 0.0895 | NDCG@10: 0.0943 | NDCG@20: 0.0994[0m
[1;31m2026-02-17 14:13:13: v.s. BEST    | HIT@5: -0.76% | HIT@10: -0.95% | HIT@20: -1.16% | NDCG@5: -1.20% | NDCG@10: -1.06% | NDCG@20: -1.24%
[0m

[32m2026-02-17 14:16:12: Epoch: [034] | lr_adam: 0.0001 | rec_avg_loss: 5.4532 | Message: 0217-114851-Grocery_and_Gourmet_Food-G&G_Food_first_train[0m

[33m2026-02-17 14:16:53: Epoch: [034] | HIT@5: 0.1471 | HIT@10: 0.1660 | HIT@20: 0.1916 | NDCG@5: 0.1245 | NDCG@10: 0.1306 | NDCG@20: 0.1371[0m
[31m2026-02-17 14:16:53: Epoch: [034] | HIT@5: 0.1475 | HIT@10: 0.1677 | HIT@20: 0.1931 | NDCG@5: 0.1251 | NDCG@10: 0.1316 | NDCG@20: 0.1381[0m
[37m2026-02-17 14:16:53: >>> EarlyStopping counter: 8 out of 50[0m

[33m2026-02-17 14:17:31: Epoch: [034] | HIT@5: 0.1063 | HIT@10: 0.1211 | HIT@20: 0.1399 | NDCG@5: 0.0866 | NDCG@10: 0.0914 | NDCG@20: 0.0961[0m
[1;31m2026-02-17 14:17:31: Epoch: [034] | HIT@5: 0.1073 | HIT@10: 0.1226 | HIT@20: 0.1424 | NDCG@5: 0.0895 | NDCG@10: 0.0943 | NDCG@20: 0.0994[0m
[1;31m2026-02-17 14:17:31: v.s. BEST    | HIT@5: -0.94% | HIT@10: -1.23% | HIT@20: -1.75% | NDCG@5: -3.20% | NDCG@10: -3.03% | NDCG@20: -3.25%
[0m

[32m2026-02-17 14:20:31: Epoch: [035] | lr_adam: 0.0001 | rec_avg_loss: 5.4411 | Message: 0217-114851-Grocery_and_Gourmet_Food-G&G_Food_first_train[0m

[33m2026-02-17 14:21:10: Epoch: [035] | HIT@5: 0.1469 | HIT@10: 0.1664 | HIT@20: 0.1922 | NDCG@5: 0.1238 | NDCG@10: 0.1301 | NDCG@20: 0.1366[0m
[31m2026-02-17 14:21:10: Epoch: [035] | HIT@5: 0.1475 | HIT@10: 0.1677 | HIT@20: 0.1931 | NDCG@5: 0.1251 | NDCG@10: 0.1316 | NDCG@20: 0.1381[0m
[37m2026-02-17 14:21:10: >>> EarlyStopping counter: 9 out of 50[0m

[33m2026-02-17 14:21:49: Epoch: [035] | HIT@5: 0.1065 | HIT@10: 0.1210 | HIT@20: 0.1404 | NDCG@5: 0.0886 | NDCG@10: 0.0932 | NDCG@20: 0.0981[0m
[1;31m2026-02-17 14:21:49: Epoch: [035] | HIT@5: 0.1073 | HIT@10: 0.1226 | HIT@20: 0.1424 | NDCG@5: 0.0895 | NDCG@10: 0.0943 | NDCG@20: 0.0994[0m
[1;31m2026-02-17 14:21:49: v.s. BEST    | HIT@5: -0.68% | HIT@10: -1.27% | HIT@20: -1.37% | NDCG@5: -1.06% | NDCG@10: -1.13% | NDCG@20: -1.29%
[0m

[32m2026-02-17 14:24:48: Epoch: [036] | lr_adam: 0.0001 | rec_avg_loss: 5.4304 | Message: 0217-114851-Grocery_and_Gourmet_Food-G&G_Food_first_train[0m

[33m2026-02-17 14:25:26: Epoch: [036] | HIT@5: 0.1464 | HIT@10: 0.1662 | HIT@20: 0.1918 | NDCG@5: 0.1246 | NDCG@10: 0.1309 | NDCG@20: 0.1374[0m
[31m2026-02-17 14:25:26: Epoch: [036] | HIT@5: 0.1475 | HIT@10: 0.1677 | HIT@20: 0.1931 | NDCG@5: 0.1251 | NDCG@10: 0.1316 | NDCG@20: 0.1381[0m
[37m2026-02-17 14:25:26: >>> EarlyStopping counter: 10 out of 50[0m

[33m2026-02-17 14:26:04: Epoch: [036] | HIT@5: 0.1065 | HIT@10: 0.1209 | HIT@20: 0.1404 | NDCG@5: 0.0889 | NDCG@10: 0.0935 | NDCG@20: 0.0984[0m
[1;31m2026-02-17 14:26:04: Epoch: [036] | HIT@5: 0.1073 | HIT@10: 0.1226 | HIT@20: 0.1424 | NDCG@5: 0.0895 | NDCG@10: 0.0943 | NDCG@20: 0.0994[0m
[1;31m2026-02-17 14:26:04: v.s. BEST    | HIT@5: -0.73% | HIT@10: -1.41% | HIT@20: -1.35% | NDCG@5: -0.70% | NDCG@10: -0.80% | NDCG@20: -0.94%
[0m

[32m2026-02-17 14:29:02: Epoch: [037] | lr_adam: 0.0001 | rec_avg_loss: 5.4304 | Message: 0217-114851-Grocery_and_Gourmet_Food-G&G_Food_first_train[0m

[33m2026-02-17 14:29:40: Epoch: [037] | HIT@5: 0.1462 | HIT@10: 0.1659 | HIT@20: 0.1913 | NDCG@5: 0.1239 | NDCG@10: 0.1302 | NDCG@20: 0.1366[0m
[31m2026-02-17 14:29:40: Epoch: [037] | HIT@5: 0.1475 | HIT@10: 0.1677 | HIT@20: 0.1931 | NDCG@5: 0.1251 | NDCG@10: 0.1316 | NDCG@20: 0.1381[0m
[37m2026-02-17 14:29:40: >>> EarlyStopping counter: 11 out of 50[0m

[33m2026-02-17 14:30:18: Epoch: [037] | HIT@5: 0.1062 | HIT@10: 0.1202 | HIT@20: 0.1400 | NDCG@5: 0.0866 | NDCG@10: 0.0911 | NDCG@20: 0.0961[0m
[1;31m2026-02-17 14:30:18: Epoch: [037] | HIT@5: 0.1073 | HIT@10: 0.1226 | HIT@20: 0.1424 | NDCG@5: 0.0895 | NDCG@10: 0.0943 | NDCG@20: 0.0994[0m
[1;31m2026-02-17 14:30:18: v.s. BEST    | HIT@5: -0.97% | HIT@10: -1.96% | HIT@20: -1.66% | NDCG@5: -3.21% | NDCG@10: -3.33% | NDCG@20: -3.28%
[0m

[32m2026-02-17 14:33:16: Epoch: [038] | lr_adam: 0.0001 | rec_avg_loss: 5.4195 | Message: 0217-114851-Grocery_and_Gourmet_Food-G&G_Food_first_train[0m

[33m2026-02-17 14:33:54: Epoch: [038] | HIT@5: 0.1470 | HIT@10: 0.1657 | HIT@20: 0.1913 | NDCG@5: 0.1238 | NDCG@10: 0.1298 | NDCG@20: 0.1362[0m
[31m2026-02-17 14:33:54: Epoch: [038] | HIT@5: 0.1475 | HIT@10: 0.1677 | HIT@20: 0.1931 | NDCG@5: 0.1251 | NDCG@10: 0.1316 | NDCG@20: 0.1381[0m
[37m2026-02-17 14:33:54: >>> EarlyStopping counter: 12 out of 50[0m

[33m2026-02-17 14:34:32: Epoch: [038] | HIT@5: 0.1065 | HIT@10: 0.1204 | HIT@20: 0.1395 | NDCG@5: 0.0878 | NDCG@10: 0.0923 | NDCG@20: 0.0971[0m
[1;31m2026-02-17 14:34:32: Epoch: [038] | HIT@5: 0.1073 | HIT@10: 0.1226 | HIT@20: 0.1424 | NDCG@5: 0.0895 | NDCG@10: 0.0943 | NDCG@20: 0.0994[0m
[1;31m2026-02-17 14:34:32: v.s. BEST    | HIT@5: -0.71% | HIT@10: -1.82% | HIT@20: -2.00% | NDCG@5: -1.88% | NDCG@10: -2.11% | NDCG@20: -2.27%
[0m

[32m2026-02-17 14:37:30: Epoch: [039] | lr_adam: 0.0001 | rec_avg_loss: 5.411 | Message: 0217-114851-Grocery_and_Gourmet_Food-G&G_Food_first_train[0m

[33m2026-02-17 14:38:08: Epoch: [039] | HIT@5: 0.1465 | HIT@10: 0.1660 | HIT@20: 0.1913 | NDCG@5: 0.1238 | NDCG@10: 0.1301 | NDCG@20: 0.1364[0m
[31m2026-02-17 14:38:08: Epoch: [039] | HIT@5: 0.1475 | HIT@10: 0.1677 | HIT@20: 0.1931 | NDCG@5: 0.1251 | NDCG@10: 0.1316 | NDCG@20: 0.1381[0m
[37m2026-02-17 14:38:08: >>> EarlyStopping counter: 13 out of 50[0m

[33m2026-02-17 14:38:46: Epoch: [039] | HIT@5: 0.1061 | HIT@10: 0.1205 | HIT@20: 0.1403 | NDCG@5: 0.0885 | NDCG@10: 0.0931 | NDCG@20: 0.0981[0m
[1;31m2026-02-17 14:38:46: Epoch: [039] | HIT@5: 0.1073 | HIT@10: 0.1226 | HIT@20: 0.1424 | NDCG@5: 0.0895 | NDCG@10: 0.0943 | NDCG@20: 0.0994[0m
[1;31m2026-02-17 14:38:46: v.s. BEST    | HIT@5: -1.06% | HIT@10: -1.73% | HIT@20: -1.44% | NDCG@5: -1.13% | NDCG@10: -1.22% | NDCG@20: -1.28%
[0m

[32m2026-02-17 14:41:44: Epoch: [040] | lr_adam: 0.0001 | rec_avg_loss: 5.4038 | Message: 0217-114851-Grocery_and_Gourmet_Food-G&G_Food_first_train[0m

[33m2026-02-17 14:42:22: Epoch: [040] | HIT@5: 0.1464 | HIT@10: 0.1658 | HIT@20: 0.1912 | NDCG@5: 0.1245 | NDCG@10: 0.1307 | NDCG@20: 0.1371[0m
[31m2026-02-17 14:42:22: Epoch: [040] | HIT@5: 0.1475 | HIT@10: 0.1677 | HIT@20: 0.1931 | NDCG@5: 0.1251 | NDCG@10: 0.1316 | NDCG@20: 0.1381[0m
[37m2026-02-17 14:42:22: >>> EarlyStopping counter: 14 out of 50[0m

[33m2026-02-17 14:43:00: Epoch: [040] | HIT@5: 0.1062 | HIT@10: 0.1203 | HIT@20: 0.1392 | NDCG@5: 0.0887 | NDCG@10: 0.0932 | NDCG@20: 0.0980[0m
[1;31m2026-02-17 14:43:00: Epoch: [040] | HIT@5: 0.1073 | HIT@10: 0.1226 | HIT@20: 0.1424 | NDCG@5: 0.0895 | NDCG@10: 0.0943 | NDCG@20: 0.0994[0m
[1;31m2026-02-17 14:43:00: v.s. BEST    | HIT@5: -1.02% | HIT@10: -1.86% | HIT@20: -2.21% | NDCG@5: -0.92% | NDCG@10: -1.10% | NDCG@20: -1.38%
[0m

[32m2026-02-17 14:45:59: Epoch: [041] | lr_adam: 0.0001 | rec_avg_loss: 5.3942 | Message: 0217-114851-Grocery_and_Gourmet_Food-G&G_Food_first_train[0m

[33m2026-02-17 14:46:37: Epoch: [041] | HIT@5: 0.1462 | HIT@10: 0.1659 | HIT@20: 0.1917 | NDCG@5: 0.1241 | NDCG@10: 0.1305 | NDCG@20: 0.1370[0m
[31m2026-02-17 14:46:37: Epoch: [041] | HIT@5: 0.1475 | HIT@10: 0.1677 | HIT@20: 0.1931 | NDCG@5: 0.1251 | NDCG@10: 0.1316 | NDCG@20: 0.1381[0m
[37m2026-02-17 14:46:37: >>> EarlyStopping counter: 15 out of 50[0m

[33m2026-02-17 14:47:15: Epoch: [041] | HIT@5: 0.1062 | HIT@10: 0.1206 | HIT@20: 0.1397 | NDCG@5: 0.0867 | NDCG@10: 0.0913 | NDCG@20: 0.0961[0m
[1;31m2026-02-17 14:47:15: Epoch: [041] | HIT@5: 0.1073 | HIT@10: 0.1226 | HIT@20: 0.1424 | NDCG@5: 0.0895 | NDCG@10: 0.0943 | NDCG@20: 0.0994[0m
[1;31m2026-02-17 14:47:15: v.s. BEST    | HIT@5: -1.01% | HIT@10: -1.64% | HIT@20: -1.84% | NDCG@5: -3.19% | NDCG@10: -3.18% | NDCG@20: -3.30%
[0m

[32m2026-02-17 14:50:15: Epoch: [042] | lr_adam: 0.0001 | rec_avg_loss: 5.3897 | Message: 0217-114851-Grocery_and_Gourmet_Food-G&G_Food_first_train[0m

[33m2026-02-17 14:50:53: Epoch: [042] | HIT@5: 0.1466 | HIT@10: 0.1662 | HIT@20: 0.1919 | NDCG@5: 0.1236 | NDCG@10: 0.1299 | NDCG@20: 0.1363[0m
[31m2026-02-17 14:50:53: Epoch: [042] | HIT@5: 0.1475 | HIT@10: 0.1677 | HIT@20: 0.1931 | NDCG@5: 0.1251 | NDCG@10: 0.1316 | NDCG@20: 0.1381[0m
[37m2026-02-17 14:50:53: >>> EarlyStopping counter: 16 out of 50[0m

[33m2026-02-17 14:51:31: Epoch: [042] | HIT@5: 0.1061 | HIT@10: 0.1205 | HIT@20: 0.1394 | NDCG@5: 0.0862 | NDCG@10: 0.0909 | NDCG@20: 0.0956[0m
[1;31m2026-02-17 14:51:31: Epoch: [042] | HIT@5: 0.1073 | HIT@10: 0.1226 | HIT@20: 0.1424 | NDCG@5: 0.0895 | NDCG@10: 0.0943 | NDCG@20: 0.0994[0m
[1;31m2026-02-17 14:51:31: v.s. BEST    | HIT@5: -1.07% | HIT@10: -1.67% | HIT@20: -2.10% | NDCG@5: -3.69% | NDCG@10: -3.61% | NDCG@20: -3.80%
[0m

[32m2026-02-17 14:54:30: Epoch: [043] | lr_adam: 0.0001 | rec_avg_loss: 5.3851 | Message: 0217-114851-Grocery_and_Gourmet_Food-G&G_Food_first_train[0m

[33m2026-02-17 14:55:08: Epoch: [043] | HIT@5: 0.1462 | HIT@10: 0.1658 | HIT@20: 0.1912 | NDCG@5: 0.1245 | NDCG@10: 0.1308 | NDCG@20: 0.1372[0m
[31m2026-02-17 14:55:08: Epoch: [043] | HIT@5: 0.1475 | HIT@10: 0.1677 | HIT@20: 0.1931 | NDCG@5: 0.1251 | NDCG@10: 0.1316 | NDCG@20: 0.1381[0m
[37m2026-02-17 14:55:08: >>> EarlyStopping counter: 17 out of 50[0m

[33m2026-02-17 14:55:45: Epoch: [043] | HIT@5: 0.1061 | HIT@10: 0.1205 | HIT@20: 0.1400 | NDCG@5: 0.0886 | NDCG@10: 0.0933 | NDCG@20: 0.0982[0m
[1;31m2026-02-17 14:55:45: Epoch: [043] | HIT@5: 0.1073 | HIT@10: 0.1226 | HIT@20: 0.1424 | NDCG@5: 0.0895 | NDCG@10: 0.0943 | NDCG@20: 0.0994[0m
[1;31m2026-02-17 14:55:45: v.s. BEST    | HIT@5: -1.09% | HIT@10: -1.73% | HIT@20: -1.63% | NDCG@5: -1.00% | NDCG@10: -1.08% | NDCG@20: -1.19%
[0m

[32m2026-02-17 14:58:44: Epoch: [044] | lr_adam: 0.0001 | rec_avg_loss: 5.3819 | Message: 0217-114851-Grocery_and_Gourmet_Food-G&G_Food_first_train[0m

[33m2026-02-17 14:59:22: Epoch: [044] | HIT@5: 0.1460 | HIT@10: 0.1651 | HIT@20: 0.1907 | NDCG@5: 0.1231 | NDCG@10: 0.1293 | NDCG@20: 0.1357[0m
[31m2026-02-17 14:59:22: Epoch: [044] | HIT@5: 0.1475 | HIT@10: 0.1677 | HIT@20: 0.1931 | NDCG@5: 0.1251 | NDCG@10: 0.1316 | NDCG@20: 0.1381[0m
[37m2026-02-17 14:59:22: >>> EarlyStopping counter: 18 out of 50[0m

[33m2026-02-17 15:00:00: Epoch: [044] | HIT@5: 0.1057 | HIT@10: 0.1199 | HIT@20: 0.1395 | NDCG@5: 0.0880 | NDCG@10: 0.0926 | NDCG@20: 0.0975[0m
[1;31m2026-02-17 15:00:00: Epoch: [044] | HIT@5: 0.1073 | HIT@10: 0.1226 | HIT@20: 0.1424 | NDCG@5: 0.0895 | NDCG@10: 0.0943 | NDCG@20: 0.0994[0m
[1;31m2026-02-17 15:00:00: v.s. BEST    | HIT@5: -1.47% | HIT@10: -2.21% | HIT@20: -1.98% | NDCG@5: -1.69% | NDCG@10: -1.78% | NDCG@20: -1.84%
[0m

[32m2026-02-17 15:02:59: Epoch: [045] | lr_adam: 0.0001 | rec_avg_loss: 5.3742 | Message: 0217-114851-Grocery_and_Gourmet_Food-G&G_Food_first_train[0m

[33m2026-02-17 15:03:37: Epoch: [045] | HIT@5: 0.1460 | HIT@10: 0.1649 | HIT@20: 0.1908 | NDCG@5: 0.1233 | NDCG@10: 0.1295 | NDCG@20: 0.1359[0m
[31m2026-02-17 15:03:37: Epoch: [045] | HIT@5: 0.1475 | HIT@10: 0.1677 | HIT@20: 0.1931 | NDCG@5: 0.1251 | NDCG@10: 0.1316 | NDCG@20: 0.1381[0m
[37m2026-02-17 15:03:37: >>> EarlyStopping counter: 19 out of 50[0m

[33m2026-02-17 15:04:14: Epoch: [045] | HIT@5: 0.1060 | HIT@10: 0.1201 | HIT@20: 0.1394 | NDCG@5: 0.0882 | NDCG@10: 0.0927 | NDCG@20: 0.0975[0m
[1;31m2026-02-17 15:04:14: Epoch: [045] | HIT@5: 0.1073 | HIT@10: 0.1226 | HIT@20: 0.1424 | NDCG@5: 0.0895 | NDCG@10: 0.0943 | NDCG@20: 0.0994[0m
[1;31m2026-02-17 15:04:14: v.s. BEST    | HIT@5: -1.19% | HIT@10: -2.01% | HIT@20: -2.07% | NDCG@5: -1.49% | NDCG@10: -1.65% | NDCG@20: -1.83%
[0m

[32m2026-02-17 15:07:14: Epoch: [046] | lr_adam: 0.0001 | rec_avg_loss: 5.3628 | Message: 0217-114851-Grocery_and_Gourmet_Food-G&G_Food_first_train[0m

[33m2026-02-17 15:07:51: Epoch: [046] | HIT@5: 0.1460 | HIT@10: 0.1646 | HIT@20: 0.1905 | NDCG@5: 0.1242 | NDCG@10: 0.1302 | NDCG@20: 0.1368[0m
[31m2026-02-17 15:07:51: Epoch: [046] | HIT@5: 0.1475 | HIT@10: 0.1677 | HIT@20: 0.1931 | NDCG@5: 0.1251 | NDCG@10: 0.1316 | NDCG@20: 0.1381[0m
[37m2026-02-17 15:07:51: >>> EarlyStopping counter: 20 out of 50[0m

[33m2026-02-17 15:08:29: Epoch: [046] | HIT@5: 0.1058 | HIT@10: 0.1200 | HIT@20: 0.1392 | NDCG@5: 0.0885 | NDCG@10: 0.0931 | NDCG@20: 0.0979[0m
[1;31m2026-02-17 15:08:29: Epoch: [046] | HIT@5: 0.1073 | HIT@10: 0.1226 | HIT@20: 0.1424 | NDCG@5: 0.0895 | NDCG@10: 0.0943 | NDCG@20: 0.0994[0m
[1;31m2026-02-17 15:08:29: v.s. BEST    | HIT@5: -1.38% | HIT@10: -2.15% | HIT@20: -2.19% | NDCG@5: -1.11% | NDCG@10: -1.27% | NDCG@20: -1.45%
[0m

[32m2026-02-17 15:11:27: Epoch: [047] | lr_adam: 0.0001 | rec_avg_loss: 5.3617 | Message: 0217-114851-Grocery_and_Gourmet_Food-G&G_Food_first_train[0m

[33m2026-02-17 15:12:05: Epoch: [047] | HIT@5: 0.1457 | HIT@10: 0.1654 | HIT@20: 0.1906 | NDCG@5: 0.1237 | NDCG@10: 0.1301 | NDCG@20: 0.1364[0m
[31m2026-02-17 15:12:05: Epoch: [047] | HIT@5: 0.1475 | HIT@10: 0.1677 | HIT@20: 0.1931 | NDCG@5: 0.1251 | NDCG@10: 0.1316 | NDCG@20: 0.1381[0m
[37m2026-02-17 15:12:05: >>> EarlyStopping counter: 21 out of 50[0m

[33m2026-02-17 15:12:43: Epoch: [047] | HIT@5: 0.1060 | HIT@10: 0.1198 | HIT@20: 0.1388 | NDCG@5: 0.0865 | NDCG@10: 0.0910 | NDCG@20: 0.0958[0m
[1;31m2026-02-17 15:12:43: Epoch: [047] | HIT@5: 0.1073 | HIT@10: 0.1226 | HIT@20: 0.1424 | NDCG@5: 0.0895 | NDCG@10: 0.0943 | NDCG@20: 0.0994[0m
[1;31m2026-02-17 15:12:43: v.s. BEST    | HIT@5: -1.15% | HIT@10: -2.31% | HIT@20: -2.48% | NDCG@5: -3.32% | NDCG@10: -3.52% | NDCG@20: -3.63%
[0m

[32m2026-02-17 15:15:42: Epoch: [048] | lr_adam: 0.0001 | rec_avg_loss: 5.3551 | Message: 0217-114851-Grocery_and_Gourmet_Food-G&G_Food_first_train[0m

[33m2026-02-17 15:16:21: Epoch: [048] | HIT@5: 0.1453 | HIT@10: 0.1647 | HIT@20: 0.1905 | NDCG@5: 0.1229 | NDCG@10: 0.1292 | NDCG@20: 0.1357[0m
[31m2026-02-17 15:16:21: Epoch: [048] | HIT@5: 0.1475 | HIT@10: 0.1677 | HIT@20: 0.1931 | NDCG@5: 0.1251 | NDCG@10: 0.1316 | NDCG@20: 0.1381[0m
[37m2026-02-17 15:16:21: >>> EarlyStopping counter: 22 out of 50[0m

[33m2026-02-17 15:16:59: Epoch: [048] | HIT@5: 0.1054 | HIT@10: 0.1201 | HIT@20: 0.1389 | NDCG@5: 0.0881 | NDCG@10: 0.0928 | NDCG@20: 0.0975[0m
[1;31m2026-02-17 15:16:59: Epoch: [048] | HIT@5: 0.1073 | HIT@10: 0.1226 | HIT@20: 0.1424 | NDCG@5: 0.0895 | NDCG@10: 0.0943 | NDCG@20: 0.0994[0m
[1;31m2026-02-17 15:16:59: v.s. BEST    | HIT@5: -1.73% | HIT@10: -2.05% | HIT@20: -2.45% | NDCG@5: -1.59% | NDCG@10: -1.56% | NDCG@20: -1.86%
[0m

[32m2026-02-17 15:19:58: Epoch: [049] | lr_adam: 1e-05 | rec_avg_loss: 5.3467 | Message: 0217-114851-Grocery_and_Gourmet_Food-G&G_Food_first_train[0m

[33m2026-02-17 15:20:36: Epoch: [049] | HIT@5: 0.1461 | HIT@10: 0.1650 | HIT@20: 0.1905 | NDCG@5: 0.1232 | NDCG@10: 0.1293 | NDCG@20: 0.1357[0m
[31m2026-02-17 15:20:36: Epoch: [049] | HIT@5: 0.1475 | HIT@10: 0.1677 | HIT@20: 0.1931 | NDCG@5: 0.1251 | NDCG@10: 0.1316 | NDCG@20: 0.1381[0m
[37m2026-02-17 15:20:36: >>> EarlyStopping counter: 23 out of 50[0m

[33m2026-02-17 15:21:14: Epoch: [049] | HIT@5: 0.1055 | HIT@10: 0.1203 | HIT@20: 0.1385 | NDCG@5: 0.0879 | NDCG@10: 0.0926 | NDCG@20: 0.0972[0m
[1;31m2026-02-17 15:21:14: Epoch: [049] | HIT@5: 0.1073 | HIT@10: 0.1226 | HIT@20: 0.1424 | NDCG@5: 0.0895 | NDCG@10: 0.0943 | NDCG@20: 0.0994[0m
[1;31m2026-02-17 15:21:14: v.s. BEST    | HIT@5: -1.68% | HIT@10: -1.86% | HIT@20: -2.68% | NDCG@5: -1.85% | NDCG@10: -1.74% | NDCG@20: -2.17%
[0m
